[0.009s] Invoking command in '/home/carebear/go2_yolo_ws/src/ros2-go2-nav2-yolo/build/go2_description': CMAKE_PREFIX_PATH=/opt/ros/humble /usr/bin/cmake /home/carebear/go2_yolo_ws/src/ros2-go2-nav2-yolo/go2_description -DCMAKE_INSTALL_PREFIX=/home/carebear/go2_yolo_ws/src/ros2-go2-nav2-yolo/install/go2_description
[0.054s] -- The C compiler identification is GNU 11.4.0
[0.106s] -- The CXX compiler identification is GNU 11.4.0
[0.113s] -- Detecting C compiler ABI info
[0.174s] -- Detecting C compiler ABI info - done
[0.180s] -- Check for working C compiler: /usr/bin/cc - skipped
[0.181s] -- Detecting C compile features
[0.181s] -- Detecting C compile features - done
[0.184s] -- Detecting CXX compiler ABI info
[0.255s] -- Detecting CXX compiler ABI info - done
[0.262s] -- Check for working CXX compiler: /usr/bin/c++ - skipped
[0.263s] -- Detecting CXX compile features
[0.263s] -- Detecting CXX compile features - done
[0.266s] -- Found ament_cmake: 1.3.12 (/opt/ros/humble/share/ament_cmake/cmake)
[1.038s] -- Found Python3: /usr/bin/python3 (found version "3.10.12") found components: Interpreter 
[1.185s] -- Configuring done
[1.188s] -- Generating done
[1.189s] -- Build files have been written to: /home/carebear/go2_yolo_ws/src/ros2-go2-nav2-yolo/build/go2_description
[1.192s] Invoked command in '/home/carebear/go2_yolo_ws/src/ros2-go2-nav2-yolo/build/go2_description' returned '0': CMAKE_PREFIX_PATH=/opt/ros/humble /usr/bin/cmake /home/carebear/go2_yolo_ws/src/ros2-go2-nav2-yolo/go2_description -DCMAKE_INSTALL_PREFIX=/home/carebear/go2_yolo_ws/src/ros2-go2-nav2-yolo/install/go2_description
[1.193s] Invoking command in '/home/carebear/go2_yolo_ws/src/ros2-go2-nav2-yolo/build/go2_description': CMAKE_PREFIX_PATH=/opt/ros/humble /usr/bin/cmake --build /home/carebear/go2_yolo_ws/src/ros2-go2-nav2-yolo/build/go2_description -- -j12 -l12
[1.225s] Invoked command in '/home/carebear/go2_yolo_ws/src/ros2-go2-nav2-yolo/build/go2_description' returned '0': CMAKE_PREFIX_PATH=/opt/ros/humble /usr/bin/cmake --build /home/carebear/go2_yolo_ws/src/ros2-go2-nav2-yolo/build/go2_description -- -j12 -l12
[1.234s] Invoking command in '/home/carebear/go2_yolo_ws/src/ros2-go2-nav2-yolo/build/go2_description': CMAKE_PREFIX_PATH=/opt/ros/humble /usr/bin/cmake --install /home/carebear/go2_yolo_ws/src/ros2-go2-nav2-yolo/build/go2_description
[1.240s] -- Install configuration: ""
[1.240s] -- Installing: /home/carebear/go2_yolo_ws/src/ros2-go2-nav2-yolo/install/go2_description/share/go2_description/xacro
[1.240s] -- Installing: /home/carebear/go2_yolo_ws/src/ros2-go2-nav2-yolo/install/go2_description/share/go2_description/xacro/go2_leg.xacro
[1.240s] -- Installing: /home/carebear/go2_yolo_ws/src/ros2-go2-nav2-yolo/install/go2_description/share/go2_description/xacro/go2_robot.xacro
[1.240s] -- Installing: /home/carebear/go2_yolo_ws/src/ros2-go2-nav2-yolo/install/go2_description/share/go2_description/xacro/accessories.urdf.xacro
[1.240s] -- Installing: /home/carebear/go2_yolo_ws/src/ros2-go2-nav2-yolo/install/go2_description/share/go2_description/xacro/xacro_no_decl.sh
[1.240s] -- Installing: /home/carebear/go2_yolo_ws/src/ros2-go2-nav2-yolo/install/go2_description/share/go2_description/xacro/const.xacro
[1.241s] -- Installing: /home/carebear/go2_yolo_ws/src/ros2-go2-nav2-yolo/install/go2_description/share/go2_description/xacro/properties.urdf.xacro
[1.241s] -- Installing: /home/carebear/go2_yolo_ws/src/ros2-go2-nav2-yolo/install/go2_description/share/go2_description/xacro/hokuyo_utm30lx.urdf.xacro
[1.241s] -- Installing: /home/carebear/go2_yolo_ws/src/ros2-go2-nav2-yolo/install/go2_description/share/go2_description/xacro/materials.xacro
[1.241s] -- Installing: /home/carebear/go2_yolo_ws/src/ros2-go2-nav2-yolo/install/go2_description/share/go2_description/xacro/camera.xacro
[1.241s] -- Installing: /home/carebear/go2_yolo_ws/src/ros2-go2-nav2-yolo/install/go2_description/share/go2_description/meshes
[1.241s] -- Installing: /home/carebear/go2_yolo_ws/src/ros2-go2-nav2-yolo/install/go2_description/share/go2_description/meshes/hokuyo_utm_30lx.dae
[1.241s] -- Installing: /home/carebear/go2_yolo_ws/src/ros2-go2-nav2-yolo/install/go2_description/share/go2_description/meshes/foot.dae
[1.241s] -- Installing: /home/carebear/go2_yolo_ws/src/ros2-go2-nav2-yolo/install/go2_description/share/go2_description/meshes/thigh.dae
[1.244s] -- Installing: /home/carebear/go2_yolo_ws/src/ros2-go2-nav2-yolo/install/go2_description/share/go2_description/meshes/thigh_mirror.dae
[1.247s] -- Installing: /home/carebear/go2_yolo_ws/src/ros2-go2-nav2-yolo/install/go2_description/share/go2_description/meshes/calf_mirror.dae
[1.248s] -- Installing: /home/carebear/go2_yolo_ws/src/ros2-go2-nav2-yolo/install/go2_description/share/go2_description/meshes/hip.dae
[1.251s] -- Installing: /home/carebear/go2_yolo_ws/src/ros2-go2-nav2-yolo/install/go2_description/share/go2_description/meshes/calf.dae
[1.252s] -- Installing: /home/carebear/go2_yolo_ws/src/ros2-go2-nav2-yolo/install/go2_description/share/go2_description/meshes/trunk.dae
[1.260s] -- Installing: /home/carebear/go2_yolo_ws/src/ros2-go2-nav2-yolo/install/go2_description/share/go2_description/config
[1.260s] -- Installing: /home/carebear/go2_yolo_ws/src/ros2-go2-nav2-yolo/install/go2_description/share/go2_description/config/go2_control.yaml
[1.260s] -- Installing: /home/carebear/go2_yolo_ws/src/ros2-go2-nav2-yolo/install/go2_description/share/go2_description/config/go2_ros_control.yaml
[1.260s] -- Installing: /home/carebear/go2_yolo_ws/src/ros2-go2-nav2-yolo/install/go2_description/share/go2_description/dae
[1.260s] -- Installing: /home/carebear/go2_yolo_ws/src/ros2-go2-nav2-yolo/install/go2_description/share/go2_description/dae/foot.dae
[1.261s] -- Installing: /home/carebear/go2_yolo_ws/src/ros2-go2-nav2-yolo/install/go2_description/share/go2_description/dae/thigh.dae
[1.264s] -- Installing: /home/carebear/go2_yolo_ws/src/ros2-go2-nav2-yolo/install/go2_description/share/go2_description/dae/thigh_mirror.dae
[1.267s] -- Installing: /home/carebear/go2_yolo_ws/src/ros2-go2-nav2-yolo/install/go2_description/share/go2_description/dae/calf.obj
[1.268s] -- Installing: /home/carebear/go2_yolo_ws/src/ros2-go2-nav2-yolo/install/go2_description/share/go2_description/dae/base.dae
[1.276s] -- Installing: /home/carebear/go2_yolo_ws/src/ros2-go2-nav2-yolo/install/go2_description/share/go2_description/dae/calf_mirror.dae
[1.276s] -- Installing: /home/carebear/go2_yolo_ws/src/ros2-go2-nav2-yolo/install/go2_description/share/go2_description/dae/hip.dae
[1.280s] -- Installing: /home/carebear/go2_yolo_ws/src/ros2-go2-nav2-yolo/install/go2_description/share/go2_description/dae/calf.dae
[1.281s] -- Up-to-date: /home/carebear/go2_yolo_ws/src/ros2-go2-nav2-yolo/install/go2_description/share/go2_description/xacro/xacro_no_decl.sh
[1.281s] -- Installing: /home/carebear/go2_yolo_ws/src/ros2-go2-nav2-yolo/install/go2_description/share/ament_index/resource_index/package_run_dependencies/go2_description
[1.282s] -- Installing: /home/carebear/go2_yolo_ws/src/ros2-go2-nav2-yolo/install/go2_description/share/ament_index/resource_index/parent_prefix_path/go2_description
[1.282s] -- Installing: /home/carebear/go2_yolo_ws/src/ros2-go2-nav2-yolo/install/go2_description/share/go2_description/environment/ament_prefix_path.sh
[1.282s] -- Installing: /home/carebear/go2_yolo_ws/src/ros2-go2-nav2-yolo/install/go2_description/share/go2_description/environment/ament_prefix_path.dsv
[1.282s] -- Installing: /home/carebear/go2_yolo_ws/src/ros2-go2-nav2-yolo/install/go2_description/share/go2_description/environment/path.sh
[1.282s] -- Installing: /home/carebear/go2_yolo_ws/src/ros2-go2-nav2-yolo/install/go2_description/share/go2_description/environment/path.dsv
[1.283s] -- Installing: /home/carebear/go2_yolo_ws/src/ros2-go2-nav2-yolo/install/go2_description/share/go2_description/local_setup.bash
[1.283s] -- Installing: /home/carebear/go2_yolo_ws/src/ros2-go2-nav2-yolo/install/go2_description/share/go2_description/local_setup.sh
[1.283s] -- Installing: /home/carebear/go2_yolo_ws/src/ros2-go2-nav2-yolo/install/go2_description/share/go2_description/local_setup.zsh
[1.283s] -- Installing: /home/carebear/go2_yolo_ws/src/ros2-go2-nav2-yolo/install/go2_description/share/go2_description/local_setup.dsv
[1.283s] -- Installing: /home/carebear/go2_yolo_ws/src/ros2-go2-nav2-yolo/install/go2_description/share/go2_description/package.dsv
[1.284s] -- Installing: /home/carebear/go2_yolo_ws/src/ros2-go2-nav2-yolo/install/go2_description/share/ament_index/resource_index/packages/go2_description
[1.284s] -- Installing: /home/carebear/go2_yolo_ws/src/ros2-go2-nav2-yolo/install/go2_description/share/go2_description/cmake/go2_descriptionConfig.cmake
[1.284s] -- Installing: /home/carebear/go2_yolo_ws/src/ros2-go2-nav2-yolo/install/go2_description/share/go2_description/cmake/go2_descriptionConfig-version.cmake
[1.284s] -- Installing: /home/carebear/go2_yolo_ws/src/ros2-go2-nav2-yolo/install/go2_description/share/go2_description/package.xml
[1.286s] Invoked command in '/home/carebear/go2_yolo_ws/src/ros2-go2-nav2-yolo/build/go2_description' returned '0': CMAKE_PREFIX_PATH=/opt/ros/humble /usr/bin/cmake --install /home/carebear/go2_yolo_ws/src/ros2-go2-nav2-yolo/build/go2_description
