[0.006s] Invoking command in '/home/carebear/go2_yolo_ws/src/ros2-go2-nav2-yolo/build/go2_yolo_bringup': AMENT_PREFIX_PATH=/home/carebear/go2_yolo_ws/src/ros2-go2-nav2-yolo/install/go2_description:${AMENT_PREFIX_PATH} CMAKE_PREFIX_PATH=/home/carebear/go2_yolo_ws/src/ros2-go2-nav2-yolo/install/go2_description:/opt/ros/humble /usr/bin/cmake /home/carebear/go2_yolo_ws/src/ros2-go2-nav2-yolo/go2_yolo_bringup -DCMAKE_INSTALL_PREFIX=/home/carebear/go2_yolo_ws/src/ros2-go2-nav2-yolo/install/go2_yolo_bringup
[0.054s] -- The C compiler identification is GNU 11.4.0
[0.104s] -- The CXX compiler identification is GNU 11.4.0
[0.110s] -- Detecting C compiler ABI info
[0.168s] -- Detecting C compiler ABI info - done
[0.176s] -- Check for working C compiler: /usr/bin/cc - skipped
[0.176s] -- Detecting C compile features
[0.176s] -- Detecting C compile features - done
[0.179s] -- Detecting CXX compiler ABI info
[0.249s] -- Detecting CXX compiler ABI info - done
[0.256s] -- Check for working CXX compiler: /usr/bin/c++ - skipped
[0.257s] -- Detecting CXX compile features
[0.257s] -- Detecting CXX compile features - done
[0.260s] -- Found ament_cmake: 1.3.12 (/opt/ros/humble/share/ament_cmake/cmake)
[1.033s] -- Found Python3: /usr/bin/python3 (found version "3.10.12") found components: Interpreter 
[1.193s] -- Configuring done
[1.195s] -- Generating done
[1.197s] -- Build files have been written to: /home/carebear/go2_yolo_ws/src/ros2-go2-nav2-yolo/build/go2_yolo_bringup
[1.200s] Invoked command in '/home/carebear/go2_yolo_ws/src/ros2-go2-nav2-yolo/build/go2_yolo_bringup' returned '0': AMENT_PREFIX_PATH=/home/carebear/go2_yolo_ws/src/ros2-go2-nav2-yolo/install/go2_description:${AMENT_PREFIX_PATH} CMAKE_PREFIX_PATH=/home/carebear/go2_yolo_ws/src/ros2-go2-nav2-yolo/install/go2_description:/opt/ros/humble /usr/bin/cmake /home/carebear/go2_yolo_ws/src/ros2-go2-nav2-yolo/go2_yolo_bringup -DCMAKE_INSTALL_PREFIX=/home/carebear/go2_yolo_ws/src/ros2-go2-nav2-yolo/install/go2_yolo_bringup
[1.202s] Invoking command in '/home/carebear/go2_yolo_ws/src/ros2-go2-nav2-yolo/build/go2_yolo_bringup': AMENT_PREFIX_PATH=/home/carebear/go2_yolo_ws/src/ros2-go2-nav2-yolo/install/go2_description:${AMENT_PREFIX_PATH} CMAKE_PREFIX_PATH=/home/carebear/go2_yolo_ws/src/ros2-go2-nav2-yolo/install/go2_description:/opt/ros/humble /usr/bin/cmake --build /home/carebear/go2_yolo_ws/src/ros2-go2-nav2-yolo/build/go2_yolo_bringup -- -j12 -l12
[1.233s] Invoked command in '/home/carebear/go2_yolo_ws/src/ros2-go2-nav2-yolo/build/go2_yolo_bringup' returned '0': AMENT_PREFIX_PATH=/home/carebear/go2_yolo_ws/src/ros2-go2-nav2-yolo/install/go2_description:${AMENT_PREFIX_PATH} CMAKE_PREFIX_PATH=/home/carebear/go2_yolo_ws/src/ros2-go2-nav2-yolo/install/go2_description:/opt/ros/humble /usr/bin/cmake --build /home/carebear/go2_yolo_ws/src/ros2-go2-nav2-yolo/build/go2_yolo_bringup -- -j12 -l12
[1.234s] Invoking command in '/home/carebear/go2_yolo_ws/src/ros2-go2-nav2-yolo/build/go2_yolo_bringup': AMENT_PREFIX_PATH=/home/carebear/go2_yolo_ws/src/ros2-go2-nav2-yolo/install/go2_description:${AMENT_PREFIX_PATH} CMAKE_PREFIX_PATH=/home/carebear/go2_yolo_ws/src/ros2-go2-nav2-yolo/install/go2_description:/opt/ros/humble /usr/bin/cmake --install /home/carebear/go2_yolo_ws/src/ros2-go2-nav2-yolo/build/go2_yolo_bringup
[1.241s] -- Install configuration: ""
[1.241s] -- Installing: /home/carebear/go2_yolo_ws/src/ros2-go2-nav2-yolo/install/go2_yolo_bringup/share/go2_yolo_bringup/launch
[1.241s] -- Installing: /home/carebear/go2_yolo_ws/src/ros2-go2-nav2-yolo/install/go2_yolo_bringup/share/go2_yolo_bringup/launch/gazebo_launch.py
[1.241s] -- Installing: /home/carebear/go2_yolo_ws/src/ros2-go2-nav2-yolo/install/go2_yolo_bringup/share/go2_yolo_bringup/launch/navigation_launch.py
[1.242s] -- Installing: /home/carebear/go2_yolo_ws/src/ros2-go2-nav2-yolo/install/go2_yolo_bringup/share/go2_yolo_bringup/launch/yolo_nav_launch.py
[1.242s] -- Installing: /home/carebear/go2_yolo_ws/src/ros2-go2-nav2-yolo/install/go2_yolo_bringup/share/go2_yolo_bringup/config
[1.242s] -- Installing: /home/carebear/go2_yolo_ws/src/ros2-go2-nav2-yolo/install/go2_yolo_bringup/share/go2_yolo_bringup/config/nav2_params.yaml
[1.242s] -- Installing: /home/carebear/go2_yolo_ws/src/ros2-go2-nav2-yolo/install/go2_yolo_bringup/share/go2_yolo_bringup/config/joints
[1.242s] -- Installing: /home/carebear/go2_yolo_ws/src/ros2-go2-nav2-yolo/install/go2_yolo_bringup/share/go2_yolo_bringup/config/joints/joints.yaml
[1.242s] -- Installing: /home/carebear/go2_yolo_ws/src/ros2-go2-nav2-yolo/install/go2_yolo_bringup/share/go2_yolo_bringup/config/slam_params.yaml
[1.242s] -- Installing: /home/carebear/go2_yolo_ws/src/ros2-go2-nav2-yolo/install/go2_yolo_bringup/share/go2_yolo_bringup/config/gait
[1.242s] -- Installing: /home/carebear/go2_yolo_ws/src/ros2-go2-nav2-yolo/install/go2_yolo_bringup/share/go2_yolo_bringup/config/gait/gait.yaml
[1.242s] -- Installing: /home/carebear/go2_yolo_ws/src/ros2-go2-nav2-yolo/install/go2_yolo_bringup/share/go2_yolo_bringup/config/links
[1.242s] -- Installing: /home/carebear/go2_yolo_ws/src/ros2-go2-nav2-yolo/install/go2_yolo_bringup/share/go2_yolo_bringup/config/links/links.yaml
[1.242s] -- Installing: /home/carebear/go2_yolo_ws/src/ros2-go2-nav2-yolo/install/go2_yolo_bringup/share/go2_yolo_bringup/worlds
[1.243s] -- Installing: /home/carebear/go2_yolo_ws/src/ros2-go2-nav2-yolo/install/go2_yolo_bringup/share/go2_yolo_bringup/worlds/demo_world.world
[1.243s] -- Installing: /home/carebear/go2_yolo_ws/src/ros2-go2-nav2-yolo/install/go2_yolo_bringup/share/go2_yolo_bringup/rviz
[1.243s] -- Installing: /home/carebear/go2_yolo_ws/src/ros2-go2-nav2-yolo/install/go2_yolo_bringup/share/go2_yolo_bringup/rviz/go2_nav2_yolo.rviz
[1.243s] -- Installing: /home/carebear/go2_yolo_ws/src/ros2-go2-nav2-yolo/install/go2_yolo_bringup/share/ament_index/resource_index/package_run_dependencies/go2_yolo_bringup
[1.243s] -- Installing: /home/carebear/go2_yolo_ws/src/ros2-go2-nav2-yolo/install/go2_yolo_bringup/share/ament_index/resource_index/parent_prefix_path/go2_yolo_bringup
[1.243s] -- Installing: /home/carebear/go2_yolo_ws/src/ros2-go2-nav2-yolo/install/go2_yolo_bringup/share/go2_yolo_bringup/environment/ament_prefix_path.sh
[1.243s] -- Installing: /home/carebear/go2_yolo_ws/src/ros2-go2-nav2-yolo/install/go2_yolo_bringup/share/go2_yolo_bringup/environment/ament_prefix_path.dsv
[1.243s] -- Installing: /home/carebear/go2_yolo_ws/src/ros2-go2-nav2-yolo/install/go2_yolo_bringup/share/go2_yolo_bringup/environment/path.sh
[1.243s] -- Installing: /home/carebear/go2_yolo_ws/src/ros2-go2-nav2-yolo/install/go2_yolo_bringup/share/go2_yolo_bringup/environment/path.dsv
[1.243s] -- Installing: /home/carebear/go2_yolo_ws/src/ros2-go2-nav2-yolo/install/go2_yolo_bringup/share/go2_yolo_bringup/local_setup.bash
[1.243s] -- Installing: /home/carebear/go2_yolo_ws/src/ros2-go2-nav2-yolo/install/go2_yolo_bringup/share/go2_yolo_bringup/local_setup.sh
[1.243s] -- Installing: /home/carebear/go2_yolo_ws/src/ros2-go2-nav2-yolo/install/go2_yolo_bringup/share/go2_yolo_bringup/local_setup.zsh
[1.243s] -- Installing: /home/carebear/go2_yolo_ws/src/ros2-go2-nav2-yolo/install/go2_yolo_bringup/share/go2_yolo_bringup/local_setup.dsv
[1.244s] -- Installing: /home/carebear/go2_yolo_ws/src/ros2-go2-nav2-yolo/install/go2_yolo_bringup/share/go2_yolo_bringup/package.dsv
[1.244s] -- Installing: /home/carebear/go2_yolo_ws/src/ros2-go2-nav2-yolo/install/go2_yolo_bringup/share/ament_index/resource_index/packages/go2_yolo_bringup
[1.244s] -- Installing: /home/carebear/go2_yolo_ws/src/ros2-go2-nav2-yolo/install/go2_yolo_bringup/share/go2_yolo_bringup/cmake/go2_yolo_bringupConfig.cmake
[1.244s] -- Installing: /home/carebear/go2_yolo_ws/src/ros2-go2-nav2-yolo/install/go2_yolo_bringup/share/go2_yolo_bringup/cmake/go2_yolo_bringupConfig-version.cmake
[1.244s] -- Installing: /home/carebear/go2_yolo_ws/src/ros2-go2-nav2-yolo/install/go2_yolo_bringup/share/go2_yolo_bringup/package.xml
[1.246s] Invoked command in '/home/carebear/go2_yolo_ws/src/ros2-go2-nav2-yolo/build/go2_yolo_bringup' returned '0': AMENT_PREFIX_PATH=/home/carebear/go2_yolo_ws/src/ros2-go2-nav2-yolo/install/go2_description:${AMENT_PREFIX_PATH} CMAKE_PREFIX_PATH=/home/carebear/go2_yolo_ws/src/ros2-go2-nav2-yolo/install/go2_description:/opt/ros/humble /usr/bin/cmake --install /home/carebear/go2_yolo_ws/src/ros2-go2-nav2-yolo/build/go2_yolo_bringup
